;;; TOOL: run-interp-spec
;;; STDIN_FILE: third_party/testsuite/proposals/reference-types/memory_grow.wast
;;; ARGS*: --enable-reference-types
(;; STDOUT ;;;
out/test/spec/reference-types/memory_grow.wast:313: assert_invalid passed:
  error: type mismatch in memory.grow, expected [i32] but got []
  000001f: error: OnMemoryGrowExpr callback failed
out/test/spec/reference-types/memory_grow.wast:322: assert_invalid passed:
  error: type mismatch in memory.grow, expected [i32] but got []
  0000023: error: OnMemoryGrowExpr callback failed
out/test/spec/reference-types/memory_grow.wast:332: assert_invalid passed:
  error: type mismatch in memory.grow, expected [i32] but got []
  0000023: error: OnMemoryGrowExpr callback failed
out/test/spec/reference-types/memory_grow.wast:342: assert_invalid passed:
  error: type mismatch in memory.grow, expected [i32] but got []
  0000025: error: OnMemoryGrowExpr callback failed
out/test/spec/reference-types/memory_grow.wast:353: assert_invalid passed:
  error: type mismatch in memory.grow, expected [i32] but got [f32]
  0000024: error: OnMemoryGrowExpr callback failed
out/test/spec/reference-types/memory_grow.wast:363: assert_invalid passed:
  error: type mismatch in function, expected [] but got [i32]
  0000021: error: EndFunctionBody callback failed
out/test/spec/reference-types/memory_grow.wast:372: assert_invalid passed:
  error: type mismatch in implicit return, expected [f32] but got [i32]
  0000022: error: EndFunctionBody callback failed
91/91 tests passed.
;;; STDOUT ;;)
