;;; TOOL: run-interp-spec
;;; STDIN_FILE: third_party/testsuite/func_ptrs.wast
(;; STDOUT ;;;
called host spectest.print(i32:83) =>
four(i32:83) =>
out/third_party/testsuite/func_ptrs.wast:31: assert_invalid passed:
  000000b: error: elem section without table section
out/third_party/testsuite/func_ptrs.wast:32: assert_invalid passed:
  0000015: error: elem section without table section
out/third_party/testsuite/func_ptrs.wast:35: assert_invalid passed:
  error: type mismatch in elem segment, expected i32 but got i64
  0000015: error: EndElemSegmentInitExpr callback failed
out/third_party/testsuite/func_ptrs.wast:39: assert_invalid passed:
  0000015: error: expected END opcode after initializer expression
out/third_party/testsuite/func_ptrs.wast:43: assert_invalid passed:
  0000013: error: unexpected opcode in initializer expression: 1 (0x1)
out/third_party/testsuite/func_ptrs.wast:47: assert_invalid passed:
  000000c: error: invalid function signature index: 42
out/third_party/testsuite/func_ptrs.wast:48: assert_invalid passed:
  000001c: error: invalid import signature index
33/33 tests passed.
;;; STDOUT ;;)
