;;; TOOL: run-interp-spec
;;; STDIN_FILE: third_party/testsuite/nop.wast
(;; STDOUT ;;;
out/third_party/testsuite/nop.wast:250: assert_invalid passed:
  error: type stack size too small at implicit return. got 0, expected at least 1
  000001a: error: EndFunctionBody callback failed
out/third_party/testsuite/nop.wast:254: assert_invalid passed:
  error: type stack size too small at implicit return. got 0, expected at least 1
  000001a: error: EndFunctionBody callback failed
out/third_party/testsuite/nop.wast:258: assert_invalid passed:
  error: type stack size too small at implicit return. got 0, expected at least 1
  000001a: error: EndFunctionBody callback failed
out/third_party/testsuite/nop.wast:262: assert_invalid passed:
  error: type stack size too small at implicit return. got 0, expected at least 1
  000001a: error: EndFunctionBody callback failed
54/54 tests passed.
;;; STDOUT ;;)
