;;; TOOL: run-interp-spec
;;; STDIN_FILE: third_party/testsuite/return.wast
(;; STDOUT ;;;
out/third_party/testsuite/return.wast:276: assert_invalid passed:
  error: type mismatch in return, expected [f64] but got []
  0000019: error: OnReturnExpr callback failed
out/third_party/testsuite/return.wast:280: assert_invalid passed:
  error: type mismatch in return, expected [f64] but got []
  000001a: error: OnReturnExpr callback failed
out/third_party/testsuite/return.wast:284: assert_invalid passed:
  error: type mismatch in return, expected [f64] but got [i64]
  000001b: error: OnReturnExpr callback failed
60/60 tests passed.
;;; STDOUT ;;)
