;;; TOOL: run-interp-spec
;;; STDIN_FILE: third_party/testsuite/set_local.wast
(;; STDOUT ;;;
out/test/spec/set_local.wast:147: assert_invalid passed:
  error: type mismatch in implicit return, expected [i64] but got []
  000001f: error: EndFunctionBody callback failed
out/test/spec/set_local.wast:153: assert_invalid passed:
  error: type mismatch in i32.eqz, expected [i32] but got []
  0000021: error: OnConvertExpr callback failed
out/test/spec/set_local.wast:159: assert_invalid passed:
  error: type mismatch in f64.neg, expected [f64] but got []
  0000020: error: OnUnaryExpr callback failed
out/test/spec/set_local.wast:166: assert_invalid passed:
  error: type mismatch in set_local, expected [i32] but got []
  000001c: error: OnSetLocalExpr callback failed
out/test/spec/set_local.wast:170: assert_invalid passed:
  error: type mismatch in set_local, expected [i32] but got [f32]
  0000020: error: OnSetLocalExpr callback failed
out/test/spec/set_local.wast:174: assert_invalid passed:
  error: type mismatch in set_local, expected [f32] but got [f64]
  0000024: error: OnSetLocalExpr callback failed
out/test/spec/set_local.wast:178: assert_invalid passed:
  error: type mismatch in set_local, expected [i64] but got [f64]
  0000026: error: OnSetLocalExpr callback failed
out/test/spec/set_local.wast:186: assert_invalid passed:
  error: type mismatch in implicit return, expected [i64] but got [i32]
  000001c: error: EndFunctionBody callback failed
out/test/spec/set_local.wast:190: assert_invalid passed:
  error: type mismatch in i32.eqz, expected [i32] but got [f32]
  000001b: error: OnConvertExpr callback failed
out/test/spec/set_local.wast:194: assert_invalid passed:
  error: type mismatch in f64.neg, expected [f64] but got [i64]
  000001c: error: OnUnaryExpr callback failed
out/test/spec/set_local.wast:199: assert_invalid passed:
  error: type mismatch in set_local, expected [i32] but got []
  000001b: error: OnSetLocalExpr callback failed
out/test/spec/set_local.wast:203: assert_invalid passed:
  error: type mismatch in set_local, expected [i32] but got [f32]
  000001f: error: OnSetLocalExpr callback failed
out/test/spec/set_local.wast:207: assert_invalid passed:
  error: type mismatch in set_local, expected [f32] but got [f64]
  0000023: error: OnSetLocalExpr callback failed
out/test/spec/set_local.wast:211: assert_invalid passed:
  error: type mismatch in set_local, expected [i64] but got [f64]
  0000024: error: OnSetLocalExpr callback failed
out/test/spec/set_local.wast:219: assert_invalid passed:
  error: invalid local_index: 3 (max 2)
  000001d: error: OnGetLocalExpr callback failed
out/test/spec/set_local.wast:223: assert_invalid passed:
  error: invalid local_index: 14324343 (max 2)
  0000020: error: OnGetLocalExpr callback failed
out/test/spec/set_local.wast:228: assert_invalid passed:
  error: invalid local_index: 2 (max 2)
  000001b: error: OnGetLocalExpr callback failed
out/test/spec/set_local.wast:232: assert_invalid passed:
  error: invalid local_index: 714324343 (max 2)
  0000021: error: OnGetLocalExpr callback failed
out/test/spec/set_local.wast:237: assert_invalid passed:
  error: invalid local_index: 3 (max 3)
  000001e: error: OnGetLocalExpr callback failed
out/test/spec/set_local.wast:241: assert_invalid passed:
  error: invalid local_index: 214324343 (max 3)
  0000021: error: OnGetLocalExpr callback failed
out/test/spec/set_local.wast:246: assert_invalid passed:
  error: type mismatch in set_local, expected [i32] but got [f32]
  0000021: error: OnSetLocalExpr callback failed
out/test/spec/set_local.wast:250: assert_invalid passed:
  error: type mismatch in set_local, expected [i32] but got [f32]
  0000022: error: OnSetLocalExpr callback failed
out/test/spec/set_local.wast:254: assert_invalid passed:
  error: type mismatch in set_local, expected [f64] but got [i64]
  0000020: error: OnSetLocalExpr callback failed
42/42 tests passed.
;;; STDOUT ;;)
