;;; TOOL: run-interp-spec
;;; STDIN_FILE: third_party/testsuite/proposals/exception-handling/exports.wast
;;; ARGS*: --enable-exceptions
(;; STDOUT ;;;
out/test/spec/exception-handling/legacy/exports.wast:39: assert_invalid passed:
  out/test/spec/exception-handling/legacy/exports/exports.15.wasm:000000f: error: function variable out of range: 0 (max 0)
  000000f: error: OnExport callback failed
out/test/spec/exception-handling/legacy/exports.wast:43: assert_invalid passed:
  out/test/spec/exception-handling/legacy/exports/exports.16.wasm:0000019: error: function variable out of range: 1 (max 1)
  0000019: error: OnExport callback failed
out/test/spec/exception-handling/legacy/exports.wast:47: assert_invalid passed:
  out/test/spec/exception-handling/legacy/exports/exports.17.wasm:000002e: error: function variable out of range: 1 (max 1)
  000002e: error: OnExport callback failed
out/test/spec/exception-handling/legacy/exports.wast:51: assert_invalid passed:
  out/test/spec/exception-handling/legacy/exports/exports.18.wasm:000001d: error: duplicate export "a"
  000001d: error: OnExport callback failed
out/test/spec/exception-handling/legacy/exports.wast:55: assert_invalid passed:
  out/test/spec/exception-handling/legacy/exports/exports.19.wasm:000001e: error: duplicate export "a"
  000001e: error: OnExport callback failed
out/test/spec/exception-handling/legacy/exports.wast:59: assert_invalid passed:
  out/test/spec/exception-handling/legacy/exports/exports.20.wasm:0000025: error: duplicate export "a"
  0000025: error: OnExport callback failed
out/test/spec/exception-handling/legacy/exports.wast:63: assert_invalid passed:
  out/test/spec/exception-handling/legacy/exports/exports.21.wasm:0000023: error: duplicate export "a"
  0000023: error: OnExport callback failed
out/test/spec/exception-handling/legacy/exports.wast:67: assert_invalid passed:
  out/test/spec/exception-handling/legacy/exports/exports.22.wasm:0000022: error: duplicate export "a"
  0000022: error: OnExport callback failed
out/test/spec/exception-handling/legacy/exports.wast:71: assert_invalid passed:
  out/test/spec/exception-handling/legacy/exports/exports.23.wasm:0000022: error: duplicate export "t0"
  0000022: error: OnExport callback failed
out/test/spec/exception-handling/legacy/exports.wast:100: assert_invalid passed:
  out/test/spec/exception-handling/legacy/exports/exports.36.wasm:000000f: error: global variable out of range: 0 (max 0)
  000000f: error: OnExport callback failed
out/test/spec/exception-handling/legacy/exports.wast:104: assert_invalid passed:
  out/test/spec/exception-handling/legacy/exports/exports.37.wasm:0000017: error: global variable out of range: 1 (max 1)
  0000017: error: OnExport callback failed
out/test/spec/exception-handling/legacy/exports.wast:108: assert_invalid passed:
  out/test/spec/exception-handling/legacy/exports/exports.38.wasm:0000029: error: global variable out of range: 1 (max 1)
  0000029: error: OnExport callback failed
out/test/spec/exception-handling/legacy/exports.wast:112: assert_invalid passed:
  out/test/spec/exception-handling/legacy/exports/exports.39.wasm:000001b: error: duplicate export "a"
  000001b: error: OnExport callback failed
out/test/spec/exception-handling/legacy/exports.wast:116: assert_invalid passed:
  out/test/spec/exception-handling/legacy/exports/exports.40.wasm:0000020: error: duplicate export "a"
  0000020: error: OnExport callback failed
out/test/spec/exception-handling/legacy/exports.wast:120: assert_invalid passed:
  out/test/spec/exception-handling/legacy/exports/exports.41.wasm:0000025: error: duplicate export "a"
  0000025: error: OnExport callback failed
out/test/spec/exception-handling/legacy/exports.wast:124: assert_invalid passed:
  out/test/spec/exception-handling/legacy/exports/exports.42.wasm:0000021: error: duplicate export "a"
  0000021: error: OnExport callback failed
out/test/spec/exception-handling/legacy/exports.wast:128: assert_invalid passed:
  out/test/spec/exception-handling/legacy/exports/exports.43.wasm:0000020: error: duplicate export "a"
  0000020: error: OnExport callback failed
out/test/spec/exception-handling/legacy/exports.wast:155: assert_invalid passed:
  out/test/spec/exception-handling/legacy/exports/exports.59.wasm:000000f: error: table variable out of range: 0 (max 0)
  000000f: error: OnExport callback failed
out/test/spec/exception-handling/legacy/exports.wast:159: assert_invalid passed:
  out/test/spec/exception-handling/legacy/exports/exports.60.wasm:0000015: error: table variable out of range: 1 (max 1)
  0000015: error: OnExport callback failed
out/test/spec/exception-handling/legacy/exports.wast:163: assert_invalid passed:
  out/test/spec/exception-handling/legacy/exports/exports.61.wasm:0000026: error: table variable out of range: 1 (max 1)
  0000026: error: OnExport callback failed
out/test/spec/exception-handling/legacy/exports.wast:167: assert_invalid passed:
  out/test/spec/exception-handling/legacy/exports/exports.62.wasm:0000019: error: duplicate export "a"
  0000019: error: OnExport callback failed
out/test/spec/exception-handling/legacy/exports.wast:171: assert_invalid passed:
  out/test/spec/exception-handling/legacy/exports/exports.63.wasm:000001c: error: duplicate export "a"
  000001c: error: OnExport callback failed
out/test/spec/exception-handling/legacy/exports.wast:175: assert_invalid passed:
  out/test/spec/exception-handling/legacy/exports/exports.64.wasm:0000023: error: duplicate export "a"
  0000023: error: OnExport callback failed
out/test/spec/exception-handling/legacy/exports.wast:179: assert_invalid passed:
  out/test/spec/exception-handling/legacy/exports/exports.65.wasm:0000021: error: duplicate export "a"
  0000021: error: OnExport callback failed
out/test/spec/exception-handling/legacy/exports.wast:183: assert_invalid passed:
  out/test/spec/exception-handling/legacy/exports/exports.66.wasm:000001e: error: duplicate export "a"
  000001e: error: OnExport callback failed
out/test/spec/exception-handling/legacy/exports.wast:211: assert_invalid passed:
  out/test/spec/exception-handling/legacy/exports/exports.81.wasm:000000f: error: memory variable out of range: 0 (max 0)
  000000f: error: OnExport callback failed
out/test/spec/exception-handling/legacy/exports.wast:215: assert_invalid passed:
  out/test/spec/exception-handling/legacy/exports/exports.82.wasm:0000014: error: memory variable out of range: 1 (max 1)
  0000014: error: OnExport callback failed
out/test/spec/exception-handling/legacy/exports.wast:219: assert_invalid passed:
  out/test/spec/exception-handling/legacy/exports/exports.83.wasm:0000026: error: memory variable out of range: 1 (max 1)
  0000026: error: OnExport callback failed
out/test/spec/exception-handling/legacy/exports.wast:223: assert_invalid passed:
  out/test/spec/exception-handling/legacy/exports/exports.84.wasm:0000018: error: duplicate export "a"
  0000018: error: OnExport callback failed
out/test/spec/exception-handling/legacy/exports.wast:232: assert_invalid passed:
  out/test/spec/exception-handling/legacy/exports/exports.85.wasm:0000022: error: duplicate export "a"
  0000022: error: OnExport callback failed
out/test/spec/exception-handling/legacy/exports.wast:236: assert_invalid passed:
  out/test/spec/exception-handling/legacy/exports/exports.86.wasm:0000020: error: duplicate export "a"
  0000020: error: OnExport callback failed
out/test/spec/exception-handling/legacy/exports.wast:240: assert_invalid passed:
  out/test/spec/exception-handling/legacy/exports/exports.87.wasm:000001e: error: duplicate export "a"
  000001e: error: OnExport callback failed
97/97 tests passed.
;;; STDOUT ;;)
