;;; TOOL: run-interp-spec
;;; STDIN_FILE: third_party/testsuite/proposals/multi-memory/data.wast
;;; ARGS*: --enable-multi-memory
(;; STDOUT ;;;
out/test/spec/multi-memory/data.wast:294: assert_invalid passed:
  0000000: error: memory variable out of range: 0 (max 0)
  000000c: error: BeginDataSegment callback failed
out/test/spec/multi-memory/data.wast:302: assert_invalid passed:
  0000000: error: memory variable out of range: 1 (max 1)
  0000012: error: BeginDataSegment callback failed
out/test/spec/multi-memory/data.wast:315: assert_invalid passed:
  0000000: error: memory variable out of range: 0 (max 0)
  000000c: error: BeginDataSegment callback failed
out/test/spec/multi-memory/data.wast:326: assert_invalid passed:
  0000000: error: memory variable out of range: 1 (max 0)
  000000d: error: BeginDataSegment callback failed
out/test/spec/multi-memory/data.wast:338: assert_invalid passed:
  0000000: error: memory variable out of range: 1 (max 1)
  0000012: error: BeginDataSegment callback failed
out/test/spec/multi-memory/data.wast:360: assert_invalid passed:
  0000000: error: memory variable out of range: 1 (max 0)
  000000d: error: BeginDataSegment callback failed
out/test/spec/multi-memory/data.wast:379: assert_invalid passed:
  0000013: error: expected i32 init_expr
out/test/spec/multi-memory/data.wast:387: assert_invalid passed:
  0000013: error: expected i32 init_expr
out/test/spec/multi-memory/data.wast:395: assert_invalid passed:
  error: invalid data segment offset, must be a constant expression; either iXX.const or global.get.
  0000012: error: EndDataSegmentInitExpr callback failed
out/test/spec/multi-memory/data.wast:403: assert_invalid passed:
  0000014: error: expected END opcode after initializer expression
out/test/spec/multi-memory/data.wast:411: assert_invalid passed:
  000002a: error: expected END opcode after initializer expression
out/test/spec/multi-memory/data.wast:420: assert_invalid passed:
  000002a: error: expected END opcode after initializer expression
out/test/spec/multi-memory/data.wast:429: assert_invalid passed:
  0000014: error: expected END opcode after initializer expression
out/test/spec/multi-memory/data.wast:437: assert_invalid passed:
  0000012: error: unexpected opcode in initializer expression: 0x1
out/test/spec/multi-memory/data.wast:445: assert_invalid passed:
  0000012: error: unexpected opcode in initializer expression: 0x1
out/test/spec/multi-memory/data.wast:453: assert_invalid passed:
  0000014: error: expected END opcode after initializer expression
out/test/spec/multi-memory/data.wast:467: assert_invalid passed:
  0000000: error: global variable out of range: 0 (max 0)
  error: initializer expression cannot reference a mutable global
  0000014: error: EndDataSegmentInitExpr callback failed
out/test/spec/multi-memory/data.wast:475: assert_invalid passed:
  0000000: error: global variable out of range: 1 (max 1)
  error: initializer expression cannot reference a mutable global
  000002a: error: EndDataSegmentInitExpr callback failed
out/test/spec/multi-memory/data.wast:484: assert_invalid passed:
  error: initializer expression cannot reference a mutable global
  000002e: error: EndDataSegmentInitExpr callback failed
33/33 tests passed.
;;; STDOUT ;;)
